app/build/intermediates/manifest_merge_blame_file/debug/manifest-merger-blame-debug-report.txt
1<?xml version="1.0" encoding="utf-8"?>
2<manifest xmlns:android="http://schemas.android.com/apk/res/android"
3    package="com.lab.lab5_kt"
4    android:versionCode="1"
5    android:versionName="1.0" >
6
7    <uses-sdk
8        android:minSdkVersion="21"
8-->src\main\AndroidManifest.xml
9        android:targetSdkVersion="31" />
9-->src\main\AndroidManifest.xml
10
11    <uses-feature
11-->src\main\AndroidManifest.xml:5:5-7:35
12        android:name="android.hardware.camera"
12-->src\main\AndroidManifest.xml:6:9-47
13        android:required="true" />
13-->src\main\AndroidManifest.xml:7:9-32
14
15    <uses-permission android:name="android.permission.ACCESS_COARSE_LOCATION" />
15-->src\main\AndroidManifest.xml:9:5-81
15-->src\main\AndroidManifest.xml:9:22-78
16    <uses-permission android:name="android.permission.READ_EXTERNAL_STORAGE" />
16-->src\main\AndroidManifest.xml:10:5-11:67
16-->src\main\AndroidManifest.xml:11:9-64
17    <uses-permission
17-->src\main\AndroidManifest.xml:12:5-14:38
18        android:name="android.permission.WRITE_EXTERNAL_STORAGE"
18-->src\main\AndroidManifest.xml:13:9-65
19        android:maxSdkVersion="28" />
19-->src\main\AndroidManifest.xml:14:9-35
20
21    <queries>
21-->src\main\AndroidManifest.xml:16:5-20:15
22        <intent>
22-->src\main\AndroidManifest.xml:17:9-19:18
23            <action android:name="android.media.action.IMAGE_CAPTURE" />
23-->src\main\AndroidManifest.xml:18:13-73
23-->src\main\AndroidManifest.xml:18:21-70
24        </intent>
25    </queries>
26
27    <!-- Include required permissions for Google Maps API to run. -->
28    <uses-permission android:name="android.permission.ACCESS_NETWORK_STATE" />
28-->[com.google.android.gms:play-services-maps:17.0.0] AndroidManifest.xml:23:5-79
28-->[com.google.android.gms:play-services-maps:17.0.0] AndroidManifest.xml:23:22-76
29    <uses-permission android:name="android.permission.INTERNET" />
29-->[com.google.android.gms:play-services-maps:17.0.0] AndroidManifest.xml:24:5-67
29-->[com.google.android.gms:play-services-maps:17.0.0] AndroidManifest.xml:24:22-64
30
31    <uses-feature
31-->[com.google.android.gms:play-services-maps:17.0.0] AndroidManifest.xml:26:5-28:35
32        android:glEsVersion="0x00020000"
32-->[com.google.android.gms:play-services-maps:17.0.0] AndroidManifest.xml:27:9-41
33        android:required="true" />
33-->[com.google.android.gms:play-services-maps:17.0.0] AndroidManifest.xml:28:9-32
34
35    <application
35-->src\main\AndroidManifest.xml:22:5-41:19
36        android:name="uk.ac.shef.oak.com4510.viewModel.ImageApplication"
36-->src\main\AndroidManifest.xml:23:9-73
37        android:allowBackup="true"
37-->src\main\AndroidManifest.xml:24:9-35
38        android:appComponentFactory="androidx.core.app.CoreComponentFactory"
38-->[androidx.core:core:1.7.0-rc01] AndroidManifest.xml:24:18-86
39        android:debuggable="true"
40        android:icon="@mipmap/ic_launcher"
40-->src\main\AndroidManifest.xml:25:9-43
41        android:label="@string/app_name"
41-->src\main\AndroidManifest.xml:26:9-41
42        android:roundIcon="@mipmap/ic_launcher_round"
42-->src\main\AndroidManifest.xml:27:9-54
43        android:supportsRtl="true"
43-->src\main\AndroidManifest.xml:28:9-35
44        android:theme="@style/Theme.Lab5_kt" >
44-->src\main\AndroidManifest.xml:29:9-45
45        <activity
45-->src\main\AndroidManifest.xml:31:9-39:20
46            android:name="uk.ac.shef.oak.com4510.view.MainActivity"
46-->src\main\AndroidManifest.xml:32:13-68
47            android:exported="true" >
47-->src\main\AndroidManifest.xml:33:13-36
48            <intent-filter>
48-->src\main\AndroidManifest.xml:34:13-38:29
49                <action android:name="android.intent.action.MAIN" />
49-->src\main\AndroidManifest.xml:35:17-69
49-->src\main\AndroidManifest.xml:35:25-66
50
51                <category android:name="android.intent.category.LAUNCHER" />
51-->src\main\AndroidManifest.xml:37:17-77
51-->src\main\AndroidManifest.xml:37:27-74
52            </intent-filter>
53        </activity>
54
55        <!-- Needs to be explicitly declared on P+ -->
56        <uses-library
56-->[com.google.android.gms:play-services-maps:17.0.0] AndroidManifest.xml:33:9-35:40
57            android:name="org.apache.http.legacy"
57-->[com.google.android.gms:play-services-maps:17.0.0] AndroidManifest.xml:34:13-50
58            android:required="false" />
58-->[com.google.android.gms:play-services-maps:17.0.0] AndroidManifest.xml:35:13-37
59
60        <activity
60-->[com.google.android.gms:play-services-base:18.0.0] AndroidManifest.xml:20:9-22:45
61            android:name="com.google.android.gms.common.api.GoogleApiActivity"
61-->[com.google.android.gms:play-services-base:18.0.0] AndroidManifest.xml:20:19-85
62            android:exported="false"
62-->[com.google.android.gms:play-services-base:18.0.0] AndroidManifest.xml:22:19-43
63            android:theme="@android:style/Theme.Translucent.NoTitleBar" />
63-->[com.google.android.gms:play-services-base:18.0.0] AndroidManifest.xml:21:19-78
64
65        <meta-data
65-->[com.google.android.gms:play-services-basement:18.0.0] AndroidManifest.xml:21:9-23:69
66            android:name="com.google.android.gms.version"
66-->[com.google.android.gms:play-services-basement:18.0.0] AndroidManifest.xml:22:13-58
67            android:value="@integer/google_play_services_version" />
67-->[com.google.android.gms:play-services-basement:18.0.0] AndroidManifest.xml:23:13-66
68
69        <provider
69-->[com.github.jkwiecien:EasyImage:3.2.0] AndroidManifest.xml:12:9-20:20
70            android:name="pl.aprilapps.easyphotopicker.EasyImageFileProvider"
70-->[com.github.jkwiecien:EasyImage:3.2.0] AndroidManifest.xml:13:13-78
71            android:authorities="com.lab.lab5_kt.easyphotopicker.fileprovider"
71-->[com.github.jkwiecien:EasyImage:3.2.0] AndroidManifest.xml:14:13-80
72            android:exported="false"
72-->[com.github.jkwiecien:EasyImage:3.2.0] AndroidManifest.xml:15:13-37
73            android:grantUriPermissions="true" >
73-->[com.github.jkwiecien:EasyImage:3.2.0] AndroidManifest.xml:16:13-47
74            <meta-data
74-->[com.github.jkwiecien:EasyImage:3.2.0] AndroidManifest.xml:17:13-19:63
75                android:name="android.support.FILE_PROVIDER_PATHS"
75-->[com.github.jkwiecien:EasyImage:3.2.0] AndroidManifest.xml:18:17-67
76                android:resource="@xml/easyimage_filepaths" />
76-->[com.github.jkwiecien:EasyImage:3.2.0] AndroidManifest.xml:19:17-60
77        </provider>
78
79        <service
79-->[androidx.room:room-runtime:2.3.0] AndroidManifest.xml:25:9-28:40
80            android:name="androidx.room.MultiInstanceInvalidationService"
80-->[androidx.room:room-runtime:2.3.0] AndroidManifest.xml:26:13-74
81            android:directBootAware="true"
81-->[androidx.room:room-runtime:2.3.0] AndroidManifest.xml:27:13-43
82            android:exported="false" />
82-->[androidx.room:room-runtime:2.3.0] AndroidManifest.xml:28:13-37
83
84        <provider
84-->[androidx.lifecycle:lifecycle-process:2.2.0] AndroidManifest.xml:25:9-29:43
85            android:name="androidx.lifecycle.ProcessLifecycleOwnerInitializer"
85-->[androidx.lifecycle:lifecycle-process:2.2.0] AndroidManifest.xml:26:13-79
86            android:authorities="com.lab.lab5_kt.lifecycle-process"
86-->[androidx.lifecycle:lifecycle-process:2.2.0] AndroidManifest.xml:27:13-69
87            android:exported="false"
87-->[androidx.lifecycle:lifecycle-process:2.2.0] AndroidManifest.xml:28:13-37
88            android:multiprocess="true" />
88-->[androidx.lifecycle:lifecycle-process:2.2.0] AndroidManifest.xml:29:13-40
89    </application>
90
91</manifest>